0 info it worked if it ends with ok
1 verbose cli [ 'D:\\Program Files\\nodejs\\node.exe',
1 verbose cli   'D:\\Program Files\\nodejs\\node_modules\\npm\\bin\\npm-cli.js',
1 verbose cli   'publish' ]
2 info using npm@3.6.0
3 info using node@v5.6.0
4 verbose publish [ '.' ]
5 silly cache add args [ '.', null ]
6 verbose cache add spec .
7 silly cache add parsed spec Result {
7 silly cache add   raw: '.',
7 silly cache add   scope: null,
7 silly cache add   name: null,
7 silly cache add   rawSpec: '.',
7 silly cache add   spec: 'E:\\公有云\\generator-vum',
7 silly cache add   type: 'directory' }
8 verbose addLocalDirectory C:\Users\liujun\AppData\Roaming\npm-cache\generator-vum\1.0.1\package.tgz not in flight; packing
9 verbose correctMkdir C:\Users\liujun\AppData\Roaming\npm-cache correctMkdir not in flight; initializing
10 info lifecycle generator-vum@1.0.1~prepublish: generator-vum@1.0.1
11 silly lifecycle generator-vum@1.0.1~prepublish: no script for prepublish, continuing
12 verbose tar pack [ 'C:\\Users\\liujun\\AppData\\Roaming\\npm-cache\\generator-vum\\1.0.1\\package.tgz',
12 verbose tar pack   'E:\\公有云\\generator-vum' ]
13 verbose tarball C:\Users\liujun\AppData\Roaming\npm-cache\generator-vum\1.0.1\package.tgz
14 verbose folder E:\公有云\generator-vum
15 verbose addLocalTarball adding from inside cache C:\Users\liujun\AppData\Roaming\npm-cache\generator-vum\1.0.1\package.tgz
16 verbose correctMkdir C:\Users\liujun\AppData\Roaming\npm-cache correctMkdir not in flight; initializing
17 silly cache afterAdd generator-vum@1.0.1
18 verbose afterAdd C:\Users\liujun\AppData\Roaming\npm-cache\generator-vum\1.0.1\package\package.json not in flight; writing
19 verbose correctMkdir C:\Users\liujun\AppData\Roaming\npm-cache correctMkdir not in flight; initializing
20 verbose afterAdd C:\Users\liujun\AppData\Roaming\npm-cache\generator-vum\1.0.1\package\package.json written
21 silly publish { name: 'generator-vum',
21 silly publish   version: '1.0.1',
21 silly publish   description: 'Yeoman generator for wisedu ubase-vue page',
21 silly publish   license: 'MIT',
21 silly publish   main: 'app/index.js',
21 silly publish   repository:
21 silly publish    { type: 'git',
21 silly publish      url: 'git+https://github.com/litor/generator-vum.git' },
21 silly publish   author: { url: 'https://github.com/Litor' },
21 silly publish   engines: { node: '>=0.10.0' },
21 silly publish   files: [ 'app' ],
21 silly publish   keywords: [ 'yeoman-generator' ],
21 silly publish   dependencies:
21 silly publish    { 'yeoman-generator': '^0.18.0',
21 silly publish      chalk: '^0.5.0',
21 silly publish      yosay: '^0.3.0' },
21 silly publish   peerDependencies: { yo: '>=1.0.0' },
21 silly publish   readme: '# generator-vum [![Build Status](https://secure.travis-ci.org/litor/generator-um.png?branch=master)](https://travis-ci.org/litor/generator-um)\n\n> [Yeoman](http://yeoman.io) generator\n\n\n## Getting Started\n\n### What is Yeoman?\n\nTrick question. It\'s not a thing. It\'s this guy:\n\n![](http://i.imgur.com/JHaAlBJ.png)\n\nBasically, he wears a top hat, lives in your computer, and waits for you to tell him what kind of application you wish to create.\n\nNot every new computer comes with a Yeoman pre-installed. He lives in the [npm](https://npmjs.org) package repository. You only have to ask for him once, then he packs up and moves into your hard drive. *Make sure you clean up, he likes new and shiny things.*\n\n```bash\nnpm install -g yo\n```\n\n### Yeoman Generators\n\nYeoman travels light. He didn\'t pack any generators when he moved in. You can think of a generator like a plug-in. You get to choose what type of application you wish to create, such as a Backbone application or even a Chrome extension.\n\nTo install generator-um from npm, run:\n\n```bash\nnpm install -g generator-um\n```\n\nFinally, initiate the generator:\n\n```bash\nyo um\n```\n\n### Getting To Know Yeoman\n\nYeoman has a heart of gold. He\'s a person with feelings and opinions, but he\'s very easy to work with. If you think he\'s too opinionated, he can be easily convinced.\n\nIf you\'d like to get to know Yeoman better and meet some of his friends, [Grunt](http://gruntjs.com) and [Bower](http://bower.io), check out the complete [Getting Started Guide](https://github.com/yeoman/yeoman/wiki/Getting-Started).\n\n\n## License\n\nMIT\n',
21 silly publish   readmeFilename: 'README.md',
21 silly publish   gitHead: 'd4105ac99c62e39d022ff6e642dce55e9cd59eb3',
21 silly publish   bugs: { url: 'https://github.com/litor/generator-vum/issues' },
21 silly publish   homepage: 'https://github.com/litor/generator-vum#readme',
21 silly publish   _id: 'generator-vum@1.0.1',
21 silly publish   scripts: {},
21 silly publish   _shasum: '9574363d6ff9fd3d4a221af4af2bc46044e47064',
21 silly publish   _from: '.' }
22 verbose getPublishConfig undefined
23 silly mapToRegistry name generator-vum
24 silly mapToRegistry using default registry
25 silly mapToRegistry registry https://registry.npmjs.org/
26 silly mapToRegistry uri https://registry.npmjs.org/generator-vum
27 verbose publish registryBase https://registry.npmjs.org/
28 silly publish uploading C:\Users\liujun\AppData\Roaming\npm-cache\generator-vum\1.0.1\package.tgz
29 verbose request uri https://registry.npmjs.org/generator-vum
30 verbose request sending authorization for write operation
31 info attempt registry request try #1 at 11:03:04
32 verbose request using bearer token for auth
33 verbose request id 6793b5861a5790f0
34 http request PUT https://registry.npmjs.org/generator-vum
35 http 403 https://registry.npmjs.org/generator-vum
36 verbose headers { 'content-type': 'application/json',
36 verbose headers   'cache-control': 'max-age=300',
36 verbose headers   'content-length': '95',
36 verbose headers   'accept-ranges': 'bytes',
36 verbose headers   date: 'Sun, 18 Sep 2016 03:03:07 GMT',
36 verbose headers   via: '1.1 varnish',
36 verbose headers   connection: 'keep-alive',
36 verbose headers   'x-served-by': 'cache-ams4134-AMS',
36 verbose headers   'x-cache': 'MISS',
36 verbose headers   'x-cache-hits': '0',
36 verbose headers   'x-timer': 'S1474167786.182098,VS0,VE906',
36 verbose headers   vary: 'Accept-Encoding' }
37 verbose request invalidating C:\Users\liujun\AppData\Roaming\npm-cache\registry.npmjs.org\generator-vum on PUT
38 error publish Failed PUT 403
39 verbose stack Error: "You cannot publish over the previously published version 1.0.1." : generator-vum
39 verbose stack     at makeError (D:\Program Files\nodejs\node_modules\npm\node_modules\npm-registry-client\lib\request.js:264:12)
39 verbose stack     at CachingRegistryClient.<anonymous> (D:\Program Files\nodejs\node_modules\npm\node_modules\npm-registry-client\lib\request.js:252:14)
39 verbose stack     at Request._callback (D:\Program Files\nodejs\node_modules\npm\node_modules\npm-registry-client\lib\request.js:172:14)
39 verbose stack     at Request.self.callback (D:\Program Files\nodejs\node_modules\npm\node_modules\request\request.js:198:22)
39 verbose stack     at emitTwo (events.js:100:13)
39 verbose stack     at Request.emit (events.js:185:7)
39 verbose stack     at Request.<anonymous> (D:\Program Files\nodejs\node_modules\npm\node_modules\request\request.js:1035:10)
39 verbose stack     at emitOne (events.js:95:20)
39 verbose stack     at Request.emit (events.js:182:7)
39 verbose stack     at IncomingMessage.<anonymous> (D:\Program Files\nodejs\node_modules\npm\node_modules\request\request.js:962:12)
40 verbose statusCode 403
41 verbose pkgid generator-vum
42 verbose cwd E:\公有云\generator-vum
43 error Windows_NT 10.0.10586
44 error argv "D:\\Program Files\\nodejs\\node.exe" "D:\\Program Files\\nodejs\\node_modules\\npm\\bin\\npm-cli.js" "publish"
45 error node v5.6.0
46 error npm  v3.6.0
47 error code E403
48 error "You cannot publish over the previously published version 1.0.1." : generator-vum
49 error If you need help, you may report this error at:
49 error     <https://github.com/npm/npm/issues>
50 verbose exit [ 1, true ]
